<?xml version="1.0" encoding="UTF-8"?>
<coverage generated="1741892623213" clover="3.2.0">
  <project timestamp="1741892623213" name="All files">
    <metrics statements="3" coveredstatements="3" conditionals="4" coveredconditionals="4" methods="1" coveredmethods="1" elements="8" coveredelements="8" complexity="0" loc="3" ncloc="3" packages="1" files="1" classes="1"/>
    <file name="formatName.js" path="C:\Users\Ninodi\Desktop\Epam Learn\CI CD foundations\Tasks\Task2\codecov-test\src\formatName.js">
      <metrics statements="3" coveredstatements="3" conditionals="4" coveredconditionals="4" methods="1" coveredmethods="1"/>
      <line num="2" count="4" type="cond" truecount="4" falsecount="0"/>
      <line num="3" count="2" type="stmt"/>
      <line num="6" count="1" type="stmt"/>
    </file>
  </project>
</coverage>
