{"C:\\Users\\Ninodi\\Desktop\\Epam Learn\\CI CD foundations\\Tasks\\Task2\\codecov-test\\src\\formatName.js": {"path":"C:\\Users\\Ninodi\\Desktop\\Epam Learn\\CI CD foundations\\Tasks\\Task2\\codecov-test\\src\\formatName.js","statementMap":{"0":{"start":{"line":2,"column":4},"end":{"line":2,"column":90}},"1":{"start":{"line":2,"column":33},"end":{"line":2,"column":90}},"2":{"start":{"line":3,"column":4},"end":{"line":3,"column":52}},"3":{"start":{"line":6,"column":2},"end":{"line":6,"column":30}}},"fnMap":{"0":{"name":"formatName","decl":{"start":{"line":1,"column":9},"end":{"line":1,"column":19}},"loc":{"start":{"line":1,"column":41},"end":{"line":4,"column":3}},"line":1}},"branchMap":{"0":{"loc":{"start":{"line":2,"column":4},"end":{"line":2,"column":90}},"type":"if","locations":[{"start":{"line":2,"column":4},"end":{"line":2,"column":90}},{"start":{},"end":{}}],"line":2},"1":{"loc":{"start":{"line":2,"column":8},"end":{"line":2,"column":31}},"type":"binary-expr","locations":[{"start":{"line":2,"column":8},"end":{"line":2,"column":18}},{"start":{"line":2,"column":22},"end":{"line":2,"column":31}}],"line":2}},"s":{"0":4,"1":2,"2":2,"3":1},"f":{"0":4},"b":{"0":[2,2],"1":[4,3]},"_coverageSchema":"1a1c01bbd47fc00a2c39e90264f33305004495a9","hash":"5c262ec2d2ac6a52f5ef69a3b4385243e50c78d4"}
}
